HCC
Car Disonnect count : 705
Cluster Create count : 469
Cluster Delete count : 458
Maximum Cluster Count : 16
9.0 : 2.6666666666666665
19.0 : 3.25
29.0 : 3.5
39.0 : 3.3333333333333335
49.0 : 3.4
59.0 : 3.8181818181818183
69.0 : 3.6923076923076925
79.0 : 6.25
89.0 : 5.555555555555555
99.0 : 7.142857142857143
109.0 : 4.545454545454546
119.0 : 5.0
129.0 : 7.142857142857143
139.0 : 5.555555555555555
149.0 : 7.142857142857143
159.0 : 7.142857142857143
169.0 : 7.142857142857143
179.0 : 3.8461538461538463
189.0 : 4.545454545454546
199.0 : 5.555555555555555
