LID
Car Disonnect count : 606
Cluster Create count : 339
Cluster Delete count : 329
Maximum Cluster Count : 16
9.0 : 2.6666666666666665
19.0 : 3.25
29.0 : 2.625
39.0 : 3.3333333333333335
49.0 : 4.25
59.0 : 3.8181818181818183
69.0 : 3.2
79.0 : 5.555555555555555
89.0 : 4.166666666666667
99.0 : 7.142857142857143
109.0 : 4.545454545454546
119.0 : 5.0
129.0 : 5.0
139.0 : 4.166666666666667
149.0 : 5.555555555555555
159.0 : 4.545454545454546
169.0 : 5.0
179.0 : 4.545454545454546
189.0 : 4.166666666666667
199.0 : 3.5714285714285716
