RAN
Car Disonnect count : 540
Cluster Create count : 396
Cluster Delete count : 378
Maximum Cluster Count : 22
9.0 : 2.6666666666666665
19.0 : 3.25
29.0 : 3.5
39.0 : 4.142857142857143
49.0 : 3.3
59.0 : 5.714285714285714
69.0 : 4.090909090909091
79.0 : 3.066666666666667
89.0 : 3.4615384615384617
99.0 : 4.2
109.0 : 3.230769230769231
119.0 : 3.9
129.0 : 2.7142857142857144
139.0 : 3.0
149.0 : 2.769230769230769
159.0 : 2.769230769230769
169.0 : 2.25
179.0 : 1.9444444444444444
189.0 : 1.5238095238095237
199.0 : 1.7777777777777777
